<?xml version="1.0" encoding="UTF-8"?>
<!-- Generated by org.testng.reporters.JUnitReportReporter -->
<testsuite skipped="0" hostname="E4ML35540" name="Selenium201.FindFlights" tests="1" failures="0" timestamp="2020-08-16T12:18:24 CDT" time="13.485" errors="0">
  <testcase name="bookFlight" time="13.485" classname="Selenium201.FindFlights"/>
</testsuite> <!-- Selenium201.FindFlights -->
