<?xml version="1.0" encoding="UTF-8"?>
<!-- Generated by org.testng.reporters.JUnitReportReporter -->
<testsuite skipped="2" hostname="E4ML35540" name="Selenium201.Register" tests="2" failures="0" timestamp="2020-03-16T23:00:51 CDT" time="0.000" errors="0">
  <testcase name="RegisterUser" time="0.000" classname="Selenium201.Register">
    <skipped/>
  </testcase> <!-- RegisterUser -->
  <testcase name="RegisterUser" time="0.000" classname="Selenium201.Register">
    <skipped/>
  </testcase> <!-- RegisterUser -->
</testsuite> <!-- Selenium201.Register -->
